[23:13:03] [DXFSelectionHelperThread/INFO]: [StartTask] Обозначение.dxf
[23:13:03] [DXFSelectionHelperThread/INFO]: [StartTask] .dxf
[23:13:03] [DXFSelectionHelperThread/INFO]: [StartTask] .dxf
[23:13:03] [DXFSelectionHelperThread/INFO]: [StartTask] 22042211.dxf
[23:13:03] [DXFSelectionHelperThread/INFO]: [StartTask] Винт M5-6gx8.68 ГОСТ 
11738-84.dxf
[23:13:03] [DXFSelectionHelperThread/INFO]: [StartTask] Сгон 10 ГОСТ 8969-75.dxf
[23:13:03] [DXFSelectionHelperThread/INFO]: [StartTask] Сгон 10 ГОСТ 8969-75.dxf
[23:13:03] [DXFSelectionHelperThread/INFO]: [StartTask] Муфта  ГОСТ 8966-75.dxf
[23:13:03] [DXFSelectionHelperThread/INFO]: [StartTask] 22080509-01.dxf
[23:13:03] [DXFSelectionHelperThread/INFO]: [StartTask] 22080509.dxf
[23:13:03] [DXFSelectionHelperThread/INFO]: [StartTask] 22080817-02.dxf
[23:13:03] [DXFSelectionHelperThread/INFO]: [StartTask] 22080817-03.dxf
[23:13:03] [DXFSelectionHelperThread/INFO]: [StartTask] 22080911-01.dxf
[23:13:03] [DXFSelectionHelperThread/INFO]: [StartTask] 22080901.dxf
[23:13:03] [DXFSelectionHelperThread/INFO]: [StartTask] 22080903.dxf
[23:13:03] [DXFSelectionHelperThread/INFO]: [StartTask] 22081203.dxf
[23:13:03] [DXFSelectionHelperThread/INFO]: [StartTask] 22050601-02.dxf
[23:13:03] [DXFSelectionHelperThread/INFO]: [StartTask] 22080211-02.dxf
[23:13:03] [DXFSelectionHelperThread/INFO]: [StartTask] 22081013.dxf
[23:13:03] [DXFSelectionHelperThread/INFO]: [StartTask] 22081017.dxf
[23:13:03] [DXFSelectionHelperThread/INFO]: [StartTask] 22042103-12.dxf
[23:13:03] [DXFSelectionHelperThread/INFO]: [StartTask] 22042103-13.dxf
[23:13:03] [DXFSelectionHelperThread/INFO]: [StartTask] 22042103-14.dxf
[23:13:03] [DXFSelectionHelperThread/INFO]: [StartTask] 22042109-12.dxf
[23:13:03] [DXFSelectionHelperThread/INFO]: [StartTask] 22042109-13.dxf
[23:13:03] [DXFSelectionHelperThread/INFO]: [StartTask] 22042109-14.dxf
[23:13:03] [DXFSelectionHelperThread/INFO]: [StartTask] 22042205.dxf
[23:13:03] [DXFSelectionHelperThread/INFO]: [StartTask] 22042509-01.dxf
[23:13:03] [DXFSelectionHelperThread/INFO]: [StartTask] 22042805.dxf
[23:13:03] [DXFSelectionHelperThread/INFO]: [StartTask] 22042807.dxf
[23:13:03] [DXFSelectionHelperThread/INFO]: [StartTask] 22042807-02.dxf
[23:13:03] [DXFSelectionHelperThread/INFO]: [StartTask] 22042841.dxf
[23:13:03] [DXFSelectionHelperThread/INFO]: [StartTask] 22042843.dxf
[23:13:03] [DXFSelectionHelperThread/INFO]: [StartTask] 22080513-02.dxf
[23:13:03] [DXFSelectionHelperThread/INFO]: [StartTask] 22080513-03.dxf
[23:13:03] [DXFSelectionHelperThread/INFO]: [StartTask] 22080517-01.dxf
[23:13:03] [DXFSelectionHelperThread/INFO]: [StartTask] 22080801-01.dxf
[23:13:03] [DXFSelectionHelperThread/INFO]: [StartTask] 22080913.dxf
[23:13:03] [DXFSelectionHelperThread/INFO]: [StartTask] 22080913-02.dxf
[23:13:03] [DXFSelectionHelperThread/INFO]: [StartTask] 22081011.dxf
[23:13:03] [DXFSelectionHelperThread/INFO]: [StartTask] 22081015.dxf
[23:13:03] [DXFSelectionHelperThread/INFO]: [StartTask] 22083001-01.dxf
[23:13:03] [DXFSelectionHelperThread/INFO]: [StartTask] 22042107.dxf
[23:13:03] [DXFSelectionHelperThread/INFO]: [StartTask] 22042107-02.dxf
[23:13:03] [DXFSelectionHelperThread/INFO]: [StartTask] 22042107-03.dxf
[23:13:03] [DXFSelectionHelperThread/INFO]: [StartTask] 22042515-02.dxf
[23:13:03] [DXFSelectionHelperThread/INFO]: [StartTask] 22042801-01.dxf
[23:13:03] [DXFSelectionHelperThread/INFO]: [StartTask] 22042801-02.dxf
[23:13:03] [DXFSelectionHelperThread/INFO]: [StartTask] 22042803.dxf
[23:13:03] [DXFSelectionHelperThread/INFO]: [StartTask] 22042803-02.dxf
[23:13:03] [DXFSelectionHelperThread/INFO]: [StartTask] 22042803-04.dxf
[23:13:03] [DXFSelectionHelperThread/INFO]: [StartTask] 22080315-01.dxf
[23:13:03] [DXFSelectionHelperThread/INFO]: [StartTask] 22042801.dxf
[23:13:03] [DXFSelectionHelperThread/INFO]: [StartTask] 22042111.dxf
[23:13:03] [DXFSelectionHelperThread/INFO]: [StartTask] 22080311-02.dxf
[23:13:03] [DXFSelectionHelperThread/INFO]: [StartTask] 22080311-03.dxf
[23:13:03] [DXFSelectionHelperThread/INFO]: [StartTask] 22080317.dxf
[23:13:03] [DXFSelectionHelperThread/INFO]: [StartTask] 22080319.dxf
[23:13:03] [DXFSelectionHelperThread/INFO]: [StartTask] 22042839-01.dxf
[23:13:03] [DXFSelectionHelperThread/INFO]: [StartTask] 22080321-01.dxf
[23:13:03] [DXFSelectionHelperThread/INFO]: [StartTask] 22080409.dxf
[23:13:03] [DXFSelectionHelperThread/INFO]: [StartTask] 22080411.dxf
[23:13:03] [DXFSelectionHelperThread/INFO]: [StartTask] 22080413.dxf
[23:13:03] [DXFSelectionHelperThread/INFO]: [StartTask] 22080415.dxf
[23:13:03] [DXFSelectionHelperThread/INFO]: [StartTask] 22080417.dxf
[23:13:03] [DXFSelectionHelperThread/INFO]: [StartTask] 22080501.dxf
[23:13:03] [DXFSelectionHelperThread/INFO]: [StartTask] 22080503.dxf
[23:13:03] [DXFSelectionHelperThread/INFO]: [StartTask] 22080505-03.dxf
[23:13:03] [DXFSelectionHelperThread/INFO]: [StartTask] 22080505-04.dxf
[23:13:03] [DXFSelectionHelperThread/INFO]: [StartTask] 22080505-05.dxf
[23:13:03] [DXFSelectionHelperThread/INFO]: [StartTask] 22080507.dxf
[23:13:03] [DXFSelectionHelperThread/INFO]: [StartTask] 22080511.dxf
[23:13:03] [DXFSelectionHelperThread/INFO]: [StartTask] 22080515.dxf
[23:13:03] [DXFSelectionHelperThread/INFO]: [StartTask] 22080811.dxf
[23:13:03] [DXFSelectionHelperThread/INFO]: [StartTask] 22081201.dxf
[23:13:03] [DXFSelectionHelperThread/INFO]: [StartTask] 22042809.dxf
[23:13:03] [DXFSelectionHelperThread/INFO]: [StartTask] 22042537-06.dxf
[23:13:03] [DXFSelectionHelperThread/INFO]: [StartTask] 22042537-04.dxf
[23:13:03] [DXFSelectionHelperThread/INFO]: [StartTask] 22042537-07.dxf
[23:13:03] [DXFSelectionHelperThread/INFO]: [StartTask] 22042537-02.dxf
